{"numTotalTestSuites":8,"numPassedTestSuites":3,"numFailedTestSuites":5,"numPendingTestSuites":0,"numTotalTests":12,"numPassedTests":6,"numFailedTests":6,"numPendingTests":0,"numTodoTests":0,"snapshot":{"added":0,"failure":false,"filesAdded":0,"filesRemoved":0,"filesRemovedList":[],"filesUnmatched":0,"filesUpdated":0,"matched":0,"total":0,"unchecked":0,"uncheckedKeysByFile":[],"unmatched":0,"updated":0,"didUpdate":false},"startTime":1765503998535,"success":false,"testResults":[{"assertionResults":[{"ancestorTitles":["Authentication Flow Integration","Complete Authentication Flow"],"fullName":"Authentication Flow Integration Complete Authentication Flow should handle successful login flow","status":"passed","title":"should handle successful login flow","duration":13.466458999999986,"failureMessages":[],"location":{"line":33,"column":5},"meta":{}},{"ancestorTitles":["Authentication Flow Integration","Complete Authentication Flow"],"fullName":"Authentication Flow Integration Complete Authentication Flow should handle authentication errors gracefully","status":"failed","title":"should handle authentication errors gracefully","duration":3027.139125,"failureMessages":["AssertionError: expected false to be true // Object.is equality\n\nIgnored nodes: comments, script, style\n\u001b[36m<html>\u001b[39m\n  \u001b[36m<head />\u001b[39m\n  \u001b[36m<body>\u001b[39m\n    \u001b[36m<div />\u001b[39m\n  \u001b[36m</body>\u001b[39m\n\u001b[36m</html>\u001b[39m\n    at /Users/rafaelsapata/evo-uds/src/tests/integration/auth-flow.test.ts:61:40\n    at runWithExpensiveErrorDiagnosticsDisabled (/Users/rafaelsapata/evo-uds/node_modules/@testing-library/dom/dist/config.js:47:12)\n    at checkCallback (/Users/rafaelsapata/evo-uds/node_modules/@testing-library/dom/dist/wait-for.js:124:77)\n    at Timeout.checkRealTimersCallback (/Users/rafaelsapata/evo-uds/node_modules/@testing-library/dom/dist/wait-for.js:118:16)\n    at listOnTimeout (node:internal/timers:608:17)\n    at processTimers (node:internal/timers:543:7)","AssertionError: expected false to be true // Object.is equality\n\nIgnored nodes: comments, script, style\n\u001b[36m<html>\u001b[39m\n  \u001b[36m<head />\u001b[39m\n  \u001b[36m<body>\u001b[39m\n    \u001b[36m<div />\u001b[39m\n  \u001b[36m</body>\u001b[39m\n\u001b[36m</html>\u001b[39m\n    at /Users/rafaelsapata/evo-uds/src/tests/integration/auth-flow.test.ts:61:40\n    at runWithExpensiveErrorDiagnosticsDisabled (/Users/rafaelsapata/evo-uds/node_modules/@testing-library/dom/dist/config.js:47:12)\n    at checkCallback (/Users/rafaelsapata/evo-uds/node_modules/@testing-library/dom/dist/wait-for.js:124:77)\n    at Timeout.checkRealTimersCallback (/Users/rafaelsapata/evo-uds/node_modules/@testing-library/dom/dist/wait-for.js:118:16)\n    at listOnTimeout (node:internal/timers:608:17)\n    at processTimers (node:internal/timers:543:7)","AssertionError: expected false to be true // Object.is equality\n\nIgnored nodes: comments, script, style\n\u001b[36m<html>\u001b[39m\n  \u001b[36m<head />\u001b[39m\n  \u001b[36m<body>\u001b[39m\n    \u001b[36m<div />\u001b[39m\n  \u001b[36m</body>\u001b[39m\n\u001b[36m</html>\u001b[39m\n    at /Users/rafaelsapata/evo-uds/src/tests/integration/auth-flow.test.ts:61:40\n    at runWithExpensiveErrorDiagnosticsDisabled (/Users/rafaelsapata/evo-uds/node_modules/@testing-library/dom/dist/config.js:47:12)\n    at checkCallback (/Users/rafaelsapata/evo-uds/node_modules/@testing-library/dom/dist/wait-for.js:124:77)\n    at Timeout.checkRealTimersCallback (/Users/rafaelsapata/evo-uds/node_modules/@testing-library/dom/dist/wait-for.js:118:16)\n    at listOnTimeout (node:internal/timers:608:17)\n    at processTimers (node:internal/timers:543:7)"],"location":{"line":55,"column":5},"meta":{}},{"ancestorTitles":["Authentication Flow Integration","Complete Authentication Flow"],"fullName":"Authentication Flow Integration Complete Authentication Flow should maintain session state across page reloads","status":"failed","title":"should maintain session state across page reloads","duration":3030.523542,"failureMessages":["AssertionError: expected false to be true // Object.is equality\n\nIgnored nodes: comments, script, style\n\u001b[36m<html>\u001b[39m\n  \u001b[36m<head />\u001b[39m\n  \u001b[36m<body>\u001b[39m\n    \u001b[36m<div />\u001b[39m\n  \u001b[36m</body>\u001b[39m\n\u001b[36m</html>\u001b[39m\n    at /Users/rafaelsapata/evo-uds/src/tests/integration/auth-flow.test.ts:76:40\n    at runWithExpensiveErrorDiagnosticsDisabled (/Users/rafaelsapata/evo-uds/node_modules/@testing-library/dom/dist/config.js:47:12)\n    at checkCallback (/Users/rafaelsapata/evo-uds/node_modules/@testing-library/dom/dist/wait-for.js:124:77)\n    at MutationObserver.checkRealTimersCallback (/Users/rafaelsapata/evo-uds/node_modules/@testing-library/dom/dist/wait-for.js:118:16)\n    at MutationObserver.invokeTheCallbackFunction (/Users/rafaelsapata/evo-uds/node_modules/jsdom/lib/jsdom/living/generated/MutationCallback.js:19:26)\n    at notifyMutationObservers (/Users/rafaelsapata/evo-uds/node_modules/jsdom/lib/jsdom/living/helpers/mutation-observers.js:160:22)\n    at /Users/rafaelsapata/evo-uds/node_modules/jsdom/lib/jsdom/living/helpers/mutation-observers.js:133:5","AssertionError: expected false to be true // Object.is equality\n\nIgnored nodes: comments, script, style\n\u001b[36m<html>\u001b[39m\n  \u001b[36m<head />\u001b[39m\n  \u001b[36m<body>\u001b[39m\n    \u001b[36m<div />\u001b[39m\n  \u001b[36m</body>\u001b[39m\n\u001b[36m</html>\u001b[39m\n    at /Users/rafaelsapata/evo-uds/src/tests/integration/auth-flow.test.ts:76:40\n    at runWithExpensiveErrorDiagnosticsDisabled (/Users/rafaelsapata/evo-uds/node_modules/@testing-library/dom/dist/config.js:47:12)\n    at checkCallback (/Users/rafaelsapata/evo-uds/node_modules/@testing-library/dom/dist/wait-for.js:124:77)\n    at MutationObserver.checkRealTimersCallback (/Users/rafaelsapata/evo-uds/node_modules/@testing-library/dom/dist/wait-for.js:118:16)\n    at MutationObserver.invokeTheCallbackFunction (/Users/rafaelsapata/evo-uds/node_modules/jsdom/lib/jsdom/living/generated/MutationCallback.js:19:26)\n    at notifyMutationObservers (/Users/rafaelsapata/evo-uds/node_modules/jsdom/lib/jsdom/living/helpers/mutation-observers.js:160:22)\n    at /Users/rafaelsapata/evo-uds/node_modules/jsdom/lib/jsdom/living/helpers/mutation-observers.js:133:5\n    at runNextTicks (node:internal/process/task_queues:65:5)\n    at processTimers (node:internal/timers:540:9)","AssertionError: expected false to be true // Object.is equality\n\nIgnored nodes: comments, script, style\n\u001b[36m<html>\u001b[39m\n  \u001b[36m<head />\u001b[39m\n  \u001b[36m<body>\u001b[39m\n    \u001b[36m<div />\u001b[39m\n  \u001b[36m</body>\u001b[39m\n\u001b[36m</html>\u001b[39m\n    at /Users/rafaelsapata/evo-uds/src/tests/integration/auth-flow.test.ts:76:40\n    at runWithExpensiveErrorDiagnosticsDisabled (/Users/rafaelsapata/evo-uds/node_modules/@testing-library/dom/dist/config.js:47:12)\n    at checkCallback (/Users/rafaelsapata/evo-uds/node_modules/@testing-library/dom/dist/wait-for.js:124:77)\n    at MutationObserver.checkRealTimersCallback (/Users/rafaelsapata/evo-uds/node_modules/@testing-library/dom/dist/wait-for.js:118:16)\n    at MutationObserver.invokeTheCallbackFunction (/Users/rafaelsapata/evo-uds/node_modules/jsdom/lib/jsdom/living/generated/MutationCallback.js:19:26)\n    at notifyMutationObservers (/Users/rafaelsapata/evo-uds/node_modules/jsdom/lib/jsdom/living/helpers/mutation-observers.js:160:22)\n    at /Users/rafaelsapata/evo-uds/node_modules/jsdom/lib/jsdom/living/helpers/mutation-observers.js:133:5\n    at runNextTicks (node:internal/process/task_queues:65:5)\n    at processTimers (node:internal/timers:540:9)"],"location":{"line":66,"column":5},"meta":{}},{"ancestorTitles":["Authentication Flow Integration","Organization Context Integration"],"fullName":"Authentication Flow Integration Organization Context Integration should load organization data after authentication","status":"failed","title":"should load organization data after authentication","duration":3030.9772919999996,"failureMessages":["AssertionError: expected false to be true // Object.is equality\n\nIgnored nodes: comments, script, style\n\u001b[36m<html>\u001b[39m\n  \u001b[36m<head />\u001b[39m\n  \u001b[36m<body>\u001b[39m\n    \u001b[36m<div />\u001b[39m\n  \u001b[36m</body>\u001b[39m\n\u001b[36m</html>\u001b[39m\n    at /Users/rafaelsapata/evo-uds/src/tests/integration/auth-flow.test.ts:99:42\n    at runWithExpensiveErrorDiagnosticsDisabled (/Users/rafaelsapata/evo-uds/node_modules/@testing-library/dom/dist/config.js:47:12)\n    at checkCallback (/Users/rafaelsapata/evo-uds/node_modules/@testing-library/dom/dist/wait-for.js:124:77)\n    at MutationObserver.checkRealTimersCallback (/Users/rafaelsapata/evo-uds/node_modules/@testing-library/dom/dist/wait-for.js:118:16)\n    at MutationObserver.invokeTheCallbackFunction (/Users/rafaelsapata/evo-uds/node_modules/jsdom/lib/jsdom/living/generated/MutationCallback.js:19:26)\n    at notifyMutationObservers (/Users/rafaelsapata/evo-uds/node_modules/jsdom/lib/jsdom/living/helpers/mutation-observers.js:160:22)\n    at /Users/rafaelsapata/evo-uds/node_modules/jsdom/lib/jsdom/living/helpers/mutation-observers.js:133:5\n    at runNextTicks (node:internal/process/task_queues:65:5)\n    at listOnTimeout (node:internal/timers:569:9)\n    at processTimers (node:internal/timers:543:7)","AssertionError: expected false to be true // Object.is equality\n\nIgnored nodes: comments, script, style\n\u001b[36m<html>\u001b[39m\n  \u001b[36m<head />\u001b[39m\n  \u001b[36m<body>\u001b[39m\n    \u001b[36m<div />\u001b[39m\n  \u001b[36m</body>\u001b[39m\n\u001b[36m</html>\u001b[39m\n    at /Users/rafaelsapata/evo-uds/src/tests/integration/auth-flow.test.ts:99:42\n    at runWithExpensiveErrorDiagnosticsDisabled (/Users/rafaelsapata/evo-uds/node_modules/@testing-library/dom/dist/config.js:47:12)\n    at checkCallback (/Users/rafaelsapata/evo-uds/node_modules/@testing-library/dom/dist/wait-for.js:124:77)\n    at MutationObserver.checkRealTimersCallback (/Users/rafaelsapata/evo-uds/node_modules/@testing-library/dom/dist/wait-for.js:118:16)\n    at MutationObserver.invokeTheCallbackFunction (/Users/rafaelsapata/evo-uds/node_modules/jsdom/lib/jsdom/living/generated/MutationCallback.js:19:26)\n    at notifyMutationObservers (/Users/rafaelsapata/evo-uds/node_modules/jsdom/lib/jsdom/living/helpers/mutation-observers.js:160:22)\n    at /Users/rafaelsapata/evo-uds/node_modules/jsdom/lib/jsdom/living/helpers/mutation-observers.js:133:5\n    at runNextTicks (node:internal/process/task_queues:65:5)\n    at listOnTimeout (node:internal/timers:569:9)\n    at processTimers (node:internal/timers:543:7)","AssertionError: expected false to be true // Object.is equality\n\nIgnored nodes: comments, script, style\n\u001b[36m<html>\u001b[39m\n  \u001b[36m<head />\u001b[39m\n  \u001b[36m<body />\u001b[39m\n\u001b[36m</html>\u001b[39m\n    at /Users/rafaelsapata/evo-uds/src/tests/integration/auth-flow.test.ts:99:42\n    at runWithExpensiveErrorDiagnosticsDisabled (/Users/rafaelsapata/evo-uds/node_modules/@testing-library/dom/dist/config.js:47:12)\n    at checkCallback (/Users/rafaelsapata/evo-uds/node_modules/@testing-library/dom/dist/wait-for.js:124:77)\n    at MutationObserver.checkRealTimersCallback (/Users/rafaelsapata/evo-uds/node_modules/@testing-library/dom/dist/wait-for.js:118:16)\n    at MutationObserver.invokeTheCallbackFunction (/Users/rafaelsapata/evo-uds/node_modules/jsdom/lib/jsdom/living/generated/MutationCallback.js:19:26)\n    at notifyMutationObservers (/Users/rafaelsapata/evo-uds/node_modules/jsdom/lib/jsdom/living/helpers/mutation-observers.js:160:22)\n    at /Users/rafaelsapata/evo-uds/node_modules/jsdom/lib/jsdom/living/helpers/mutation-observers.js:133:5\n    at runNextTicks (node:internal/process/task_queues:65:5)\n    at listOnTimeout (node:internal/timers:569:9)\n    at processTimers (node:internal/timers:543:7)"],"location":{"line":90,"column":5},"meta":{}},{"ancestorTitles":["Authentication Flow Integration","Organization Context Integration"],"fullName":"Authentication Flow Integration Organization Context Integration should handle organization switching","status":"failed","title":"should handle organization switching","duration":3032.350625,"failureMessages":["AssertionError: expected undefined to be 'org-1' // Object.is equality\n\nIgnored nodes: comments, script, style\n\u001b[36m<html>\u001b[39m\n  \u001b[36m<head />\u001b[39m\n  \u001b[36m<body>\u001b[39m\n    \u001b[36m<div />\u001b[39m\n  \u001b[36m</body>\u001b[39m\n\u001b[36m</html>\u001b[39m\n    at /Users/rafaelsapata/evo-uds/src/tests/integration/auth-flow.test.ts:120:37\n    at runWithExpensiveErrorDiagnosticsDisabled (/Users/rafaelsapata/evo-uds/node_modules/@testing-library/dom/dist/config.js:47:12)\n    at checkCallback (/Users/rafaelsapata/evo-uds/node_modules/@testing-library/dom/dist/wait-for.js:124:77)\n    at MutationObserver.checkRealTimersCallback (/Users/rafaelsapata/evo-uds/node_modules/@testing-library/dom/dist/wait-for.js:118:16)\n    at MutationObserver.invokeTheCallbackFunction (/Users/rafaelsapata/evo-uds/node_modules/jsdom/lib/jsdom/living/generated/MutationCallback.js:19:26)\n    at notifyMutationObservers (/Users/rafaelsapata/evo-uds/node_modules/jsdom/lib/jsdom/living/helpers/mutation-observers.js:160:22)\n    at /Users/rafaelsapata/evo-uds/node_modules/jsdom/lib/jsdom/living/helpers/mutation-observers.js:133:5\n    at runNextTicks (node:internal/process/task_queues:65:5)\n    at listOnTimeout (node:internal/timers:569:9)\n    at processTimers (node:internal/timers:543:7)","AssertionError: expected undefined to be 'org-1' // Object.is equality\n\nIgnored nodes: comments, script, style\n\u001b[36m<html>\u001b[39m\n  \u001b[36m<head />\u001b[39m\n  \u001b[36m<body>\u001b[39m\n    \u001b[36m<div />\u001b[39m\n  \u001b[36m</body>\u001b[39m\n\u001b[36m</html>\u001b[39m\n    at /Users/rafaelsapata/evo-uds/src/tests/integration/auth-flow.test.ts:120:37\n    at runWithExpensiveErrorDiagnosticsDisabled (/Users/rafaelsapata/evo-uds/node_modules/@testing-library/dom/dist/config.js:47:12)\n    at checkCallback (/Users/rafaelsapata/evo-uds/node_modules/@testing-library/dom/dist/wait-for.js:124:77)\n    at MutationObserver.checkRealTimersCallback (/Users/rafaelsapata/evo-uds/node_modules/@testing-library/dom/dist/wait-for.js:118:16)\n    at MutationObserver.invokeTheCallbackFunction (/Users/rafaelsapata/evo-uds/node_modules/jsdom/lib/jsdom/living/generated/MutationCallback.js:19:26)\n    at notifyMutationObservers (/Users/rafaelsapata/evo-uds/node_modules/jsdom/lib/jsdom/living/helpers/mutation-observers.js:160:22)\n    at /Users/rafaelsapata/evo-uds/node_modules/jsdom/lib/jsdom/living/helpers/mutation-observers.js:133:5","AssertionError: expected 'test-org-123' to be 'org-1' // Object.is equality\n\nIgnored nodes: comments, script, style\n\u001b[36m<html>\u001b[39m\n  \u001b[36m<head />\u001b[39m\n  \u001b[36m<body />\u001b[39m\n\u001b[36m</html>\u001b[39m\n    at /Users/rafaelsapata/evo-uds/src/tests/integration/auth-flow.test.ts:120:37\n    at runWithExpensiveErrorDiagnosticsDisabled (/Users/rafaelsapata/evo-uds/node_modules/@testing-library/dom/dist/config.js:47:12)\n    at checkCallback (/Users/rafaelsapata/evo-uds/node_modules/@testing-library/dom/dist/wait-for.js:124:77)\n    at MutationObserver.checkRealTimersCallback (/Users/rafaelsapata/evo-uds/node_modules/@testing-library/dom/dist/wait-for.js:118:16)\n    at MutationObserver.invokeTheCallbackFunction (/Users/rafaelsapata/evo-uds/node_modules/jsdom/lib/jsdom/living/generated/MutationCallback.js:19:26)\n    at notifyMutationObservers (/Users/rafaelsapata/evo-uds/node_modules/jsdom/lib/jsdom/living/helpers/mutation-observers.js:160:22)\n    at /Users/rafaelsapata/evo-uds/node_modules/jsdom/lib/jsdom/living/helpers/mutation-observers.js:133:5\n    at runNextTicks (node:internal/process/task_queues:65:5)\n    at listOnTimeout (node:internal/timers:569:9)\n    at processTimers (node:internal/timers:543:7)"],"location":{"line":108,"column":5},"meta":{}},{"ancestorTitles":["Authentication Flow Integration","License Validation Integration"],"fullName":"Authentication Flow Integration License Validation Integration should validate license after authentication","status":"passed","title":"should validate license after authentication","duration":1072.126875,"failureMessages":["AssertionError: expected { isValid: false, …(3) } to deeply equal { isValid: true, …(3) }\n\nIgnored nodes: comments, script, style\n\u001b[36m<html>\u001b[39m\n  \u001b[36m<head />\u001b[39m\n  \u001b[36m<body>\u001b[39m\n    \u001b[36m<div />\u001b[39m\n  \u001b[36m</body>\u001b[39m\n\u001b[36m</html>\u001b[39m\n    at /Users/rafaelsapata/evo-uds/src/tests/integration/auth-flow.test.ts:155:37\n    at runWithExpensiveErrorDiagnosticsDisabled (/Users/rafaelsapata/evo-uds/node_modules/@testing-library/dom/dist/config.js:47:12)\n    at checkCallback (/Users/rafaelsapata/evo-uds/node_modules/@testing-library/dom/dist/wait-for.js:124:77)\n    at MutationObserver.checkRealTimersCallback (/Users/rafaelsapata/evo-uds/node_modules/@testing-library/dom/dist/wait-for.js:118:16)\n    at MutationObserver.invokeTheCallbackFunction (/Users/rafaelsapata/evo-uds/node_modules/jsdom/lib/jsdom/living/generated/MutationCallback.js:19:26)\n    at notifyMutationObservers (/Users/rafaelsapata/evo-uds/node_modules/jsdom/lib/jsdom/living/helpers/mutation-observers.js:160:22)\n    at /Users/rafaelsapata/evo-uds/node_modules/jsdom/lib/jsdom/living/helpers/mutation-observers.js:133:5\n    at runNextTicks (node:internal/process/task_queues:65:5)\n    at listOnTimeout (node:internal/timers:569:9)\n    at processTimers (node:internal/timers:543:7)"],"location":{"line":138,"column":5},"meta":{}},{"ancestorTitles":["Authentication Flow Integration","License Validation Integration"],"fullName":"Authentication Flow Integration License Validation Integration should handle expired license","status":"passed","title":"should handle expired license","duration":1056.966542,"failureMessages":["AssertionError: expected 'no_license' to be 'expired' // Object.is equality\n\nIgnored nodes: comments, script, style\n\u001b[36m<html>\u001b[39m\n  \u001b[36m<head />\u001b[39m\n  \u001b[36m<body>\u001b[39m\n    \u001b[36m<div />\u001b[39m\n  \u001b[36m</body>\u001b[39m\n\u001b[36m</html>\u001b[39m\n    at /Users/rafaelsapata/evo-uds/src/tests/integration/auth-flow.test.ts:177:45\n    at runWithExpensiveErrorDiagnosticsDisabled (/Users/rafaelsapata/evo-uds/node_modules/@testing-library/dom/dist/config.js:47:12)\n    at checkCallback (/Users/rafaelsapata/evo-uds/node_modules/@testing-library/dom/dist/wait-for.js:124:77)\n    at Timeout.checkRealTimersCallback (/Users/rafaelsapata/evo-uds/node_modules/@testing-library/dom/dist/wait-for.js:118:16)\n    at listOnTimeout (node:internal/timers:608:17)\n    at processTimers (node:internal/timers:543:7)"],"location":{"line":159,"column":5},"meta":{}},{"ancestorTitles":["Authentication Flow Integration","Multi-tenant Isolation"],"fullName":"Authentication Flow Integration Multi-tenant Isolation should isolate data between organizations","status":"passed","title":"should isolate data between organizations","duration":106.4817909999997,"failureMessages":[],"location":{"line":183,"column":5},"meta":{}},{"ancestorTitles":["Authentication Flow Integration","Error Recovery"],"fullName":"Authentication Flow Integration Error Recovery should recover from network errors","status":"failed","title":"should recover from network errors","duration":161.95533400000022,"failureMessages":["AssertionError: expected \"vi.fn()\" to be called 2 times, but got 0 times\n    at /Users/rafaelsapata/evo-uds/src/tests/integration/auth-flow.test.ts:238:33\n    at file:///Users/rafaelsapata/evo-uds/node_modules/@vitest/runner/dist/index.js:753:20","AssertionError: expected \"vi.fn()\" to be called 2 times, but got 0 times\n    at /Users/rafaelsapata/evo-uds/src/tests/integration/auth-flow.test.ts:238:33\n    at file:///Users/rafaelsapata/evo-uds/node_modules/@vitest/runner/dist/index.js:753:20","AssertionError: expected \"vi.fn()\" to be called 2 times, but got 0 times\n    at /Users/rafaelsapata/evo-uds/src/tests/integration/auth-flow.test.ts:238:33\n    at file:///Users/rafaelsapata/evo-uds/node_modules/@vitest/runner/dist/index.js:753:20"],"location":{"line":220,"column":5},"meta":{}},{"ancestorTitles":["Authentication Flow Integration","Error Recovery"],"fullName":"Authentication Flow Integration Error Recovery should handle session expiration","status":"failed","title":"should handle session expiration","duration":3165.6404580000003,"failureMessages":["AssertionError: expected false to be true // Object.is equality\n\nIgnored nodes: comments, script, style\n\u001b[36m<html>\u001b[39m\n  \u001b[36m<head />\u001b[39m\n  \u001b[36m<body />\u001b[39m\n\u001b[36m</html>\u001b[39m\n    at /Users/rafaelsapata/evo-uds/src/tests/integration/auth-flow.test.ts:258:40\n    at runWithExpensiveErrorDiagnosticsDisabled (/Users/rafaelsapata/evo-uds/node_modules/@testing-library/dom/dist/config.js:47:12)\n    at checkCallback (/Users/rafaelsapata/evo-uds/node_modules/@testing-library/dom/dist/wait-for.js:124:77)\n    at Timeout.checkRealTimersCallback (/Users/rafaelsapata/evo-uds/node_modules/@testing-library/dom/dist/wait-for.js:118:16)\n    at listOnTimeout (node:internal/timers:608:17)\n    at processTimers (node:internal/timers:543:7)","AssertionError: expected false to be true // Object.is equality\n\nIgnored nodes: comments, script, style\n\u001b[36m<html>\u001b[39m\n  \u001b[36m<head />\u001b[39m\n  \u001b[36m<body />\u001b[39m\n\u001b[36m</html>\u001b[39m\n    at /Users/rafaelsapata/evo-uds/src/tests/integration/auth-flow.test.ts:258:40\n    at runWithExpensiveErrorDiagnosticsDisabled (/Users/rafaelsapata/evo-uds/node_modules/@testing-library/dom/dist/config.js:47:12)\n    at checkCallback (/Users/rafaelsapata/evo-uds/node_modules/@testing-library/dom/dist/wait-for.js:124:77)\n    at Timeout.checkRealTimersCallback (/Users/rafaelsapata/evo-uds/node_modules/@testing-library/dom/dist/wait-for.js:118:16)\n    at listOnTimeout (node:internal/timers:608:17)\n    at processTimers (node:internal/timers:543:7)","AssertionError: expected false to be true // Object.is equality\n\nIgnored nodes: comments, script, style\n\u001b[36m<html>\u001b[39m\n  \u001b[36m<head />\u001b[39m\n  \u001b[36m<body>\u001b[39m\n    \u001b[36m<div />\u001b[39m\n  \u001b[36m</body>\u001b[39m\n\u001b[36m</html>\u001b[39m\n    at /Users/rafaelsapata/evo-uds/src/tests/integration/auth-flow.test.ts:258:40\n    at runWithExpensiveErrorDiagnosticsDisabled (/Users/rafaelsapata/evo-uds/node_modules/@testing-library/dom/dist/config.js:47:12)\n    at checkCallback (/Users/rafaelsapata/evo-uds/node_modules/@testing-library/dom/dist/wait-for.js:124:77)\n    at Timeout.checkRealTimersCallback (/Users/rafaelsapata/evo-uds/node_modules/@testing-library/dom/dist/wait-for.js:118:16)\n    at listOnTimeout (node:internal/timers:608:17)\n    at processTimers (node:internal/timers:543:7)"],"location":{"line":241,"column":5},"meta":{}},{"ancestorTitles":["Authentication Flow Integration","Performance Benchmarks"],"fullName":"Authentication Flow Integration Performance Benchmarks should load organization data within performance thresholds","status":"passed","title":"should load organization data within performance thresholds","duration":1055.9776250000004,"failureMessages":["AssertionError: expected false to be true // Object.is equality\n\nIgnored nodes: comments, script, style\n\u001b[36m<html>\u001b[39m\n  \u001b[36m<head />\u001b[39m\n  \u001b[36m<body>\u001b[39m\n    \u001b[36m<div />\u001b[39m\n  \u001b[36m</body>\u001b[39m\n\u001b[36m</html>\u001b[39m\n    at /Users/rafaelsapata/evo-uds/src/tests/integration/auth-flow.test.ts:267:62\n    at runWithExpensiveErrorDiagnosticsDisabled (/Users/rafaelsapata/evo-uds/node_modules/@testing-library/dom/dist/config.js:47:12)\n    at checkCallback (/Users/rafaelsapata/evo-uds/node_modules/@testing-library/dom/dist/wait-for.js:124:77)\n    at Timeout.checkRealTimersCallback (/Users/rafaelsapata/evo-uds/node_modules/@testing-library/dom/dist/wait-for.js:118:16)\n    at listOnTimeout (node:internal/timers:608:17)\n    at processTimers (node:internal/timers:543:7)"],"location":{"line":264,"column":5},"meta":{}},{"ancestorTitles":["Authentication Flow Integration","Performance Benchmarks"],"fullName":"Authentication Flow Integration Performance Benchmarks should handle concurrent authentication requests","status":"passed","title":"should handle concurrent authentication requests","duration":0.22045799999978044,"failureMessages":[],"location":{"line":274,"column":5},"meta":{}}],"startTime":1765503999266,"endTime":1765504004843.6404,"status":"failed","message":"","name":"/Users/rafaelsapata/evo-uds/src/tests/integration/auth-flow.test.ts"}]}